<?xml version="1.0" encoding="UTF-8"?>
<testsuite name="cbnuopen10.server.ServerApplicationTests" tests="1" skipped="0" failures="0" errors="0" timestamp="2022-11-23T06:12:29" hostname="LAPTOP-DG" time="0.013">
  <properties/>
  <testcase name="findAllmember()" classname="cbnuopen10.server.ServerApplicationTests" time="0.013"/>
  <system-out><![CDATA[]]></system-out>
  <system-err><![CDATA[]]></system-err>
</testsuite>
